Refresh run at Wed Apr 16 10:37:23 UTC 2025
Refresh run at Thu Apr 17 03:34:22 UTC 2025
Refresh run at Fri Apr 18 03:32:08 UTC 2025
Refresh run at Sat Apr 19 03:29:09 UTC 2025
Refresh run at Sun Apr 20 03:36:32 UTC 2025
Refresh run at Mon Apr 21 03:41:04 UTC 2025
Refresh run at Tue Apr 22 03:35:22 UTC 2025
Refresh run at Wed Apr 23 03:35:03 UTC 2025
Refresh run at Thu Apr 24 03:36:49 UTC 2025
Refresh run at Fri Apr 25 03:36:12 UTC 2025
Refresh run at Sat Apr 26 03:30:54 UTC 2025
Refresh run at Sun Apr 27 03:36:59 UTC 2025
Refresh run at Mon Apr 28 03:40:07 UTC 2025
Refresh run at Tue Apr 29 03:36:33 UTC 2025
Refresh run at Wed Apr 30 03:36:39 UTC 2025
Refresh run at Thu May  1 03:44:23 UTC 2025
Refresh run at Fri May  2 03:39:24 UTC 2025
Refresh run at Sat May  3 03:35:03 UTC 2025
Refresh run at Sun May  4 03:42:56 UTC 2025
Refresh run at Mon May  5 03:41:29 UTC 2025
Refresh run at Tue May  6 03:38:39 UTC 2025
Refresh run at Wed May  7 03:40:03 UTC 2025
Refresh run at Thu May  8 03:41:01 UTC 2025
Refresh run at Fri May  9 03:40:00 UTC 2025
Refresh run at Sat May 10 03:35:46 UTC 2025
Refresh run at Sun May 11 03:41:21 UTC 2025
Refresh run at Mon May 12 03:42:33 UTC 2025
Refresh run at Tue May 13 03:41:23 UTC 2025
Refresh run at Wed May 14 03:40:28 UTC 2025
Refresh run at Thu May 15 03:40:59 UTC 2025
Refresh run at Fri May 16 03:41:46 UTC 2025
Refresh run at Sat May 17 03:37:32 UTC 2025
Refresh run at Sun May 18 03:43:51 UTC 2025
Refresh run at Mon May 19 03:46:44 UTC 2025
Refresh run at Tue May 20 03:41:31 UTC 2025
Refresh run at Wed May 21 03:41:16 UTC 2025
Refresh run at Thu May 22 03:41:28 UTC 2025
Refresh run at Fri May 23 03:41:02 UTC 2025
Refresh run at Sat May 24 03:36:51 UTC 2025
Refresh run at Sun May 25 03:46:22 UTC 2025
Refresh run at Mon May 26 03:44:46 UTC 2025
Refresh run at Tue May 27 03:42:43 UTC 2025
Refresh run at Wed May 28 03:42:33 UTC 2025
Refresh run at Thu May 29 03:43:33 UTC 2025
Refresh run at Fri May 30 03:42:06 UTC 2025
Refresh run at Sat May 31 03:40:07 UTC 2025
